<?xml version="1.0" encoding="UTF-8"?>
<!-- Generated by org.testng.reporters.JUnitReportReporter -->
<testsuite hostname="Mypc-PC" failures="0" tests="4" name="com.vtiger.practice.PractiseTestng1Test" time="0.015" errors="0" timestamp="2022-05-16T18:01:03 IST" skipped="0">
  <testcase classname="com.vtiger.practice.PractiseTestng1Test" name="method2Test" time="0.002"/>
  <system-out/>
  <testcase classname="com.vtiger.practice.PractiseTestng1Test" name="method3Test" time="0.003"/>
  <system-out/>
  <testcase classname="com.vtiger.practice.PractiseTestng1Test" name="method4" time="0.001"/>
  <system-out>
    <![CDATA[method4 running]]>
  </system-out>
  <testcase classname="com.vtiger.practice.PractiseTestng1Test" name="method1Test" time="0.009"/>
  <system-out/>
</testsuite> <!-- com.vtiger.practice.PractiseTestng1Test -->
