<?xml version="1.0" encoding="UTF-8"?>
<!-- Generated by org.testng.reporters.JUnitReportReporter -->
<testsuite hostname="Mypc-PC" failures="0" tests="2" name="com.vtiger.campaignTest.CreateCampaignwithProductTest" time="55.333" errors="0" timestamp="2022-05-20T15:16:05 IST" skipped="0">
  <testcase classname="com.vtiger.campaignTest.CreateCampaignwithProductTest" name="fetchDataFromPropertiesMoreCampaign" time="23.787"/>
  <system-out/>
  <testcase classname="com.vtiger.campaignTest.CreateCampaignwithProductTest" name="fetchDataFromPropertiesMoreCampaign" time="31.546"/>
  <system-out/>
</testsuite> <!-- com.vtiger.campaignTest.CreateCampaignwithProductTest -->
