<?xml version="1.0" encoding="UTF-8"?>
<!-- Generated by org.testng.reporters.JUnitReportReporter -->
<testsuite hostname="Mypc-PC" failures="0" tests="2" name="com.vtiger.productTest.CreatProductTest" time="34.560" errors="0" timestamp="2022-05-20T15:16:05 IST" skipped="0">
  <testcase classname="com.vtiger.productTest.CreatProductTest" name="creatProductTest" time="14.574"/>
  <system-out/>
  <testcase classname="com.vtiger.productTest.CreatProductTest" name="creatProductTest" time="19.986"/>
  <system-out/>
</testsuite> <!-- com.vtiger.productTest.CreatProductTest -->
