<?xml version="1.0" encoding="UTF-8"?>
<!-- Generated by org.testng.reporters.JUnitReportReporter -->
<testsuite hostname="Mypc-PC" failures="0" tests="1" name="com.vtiger.campaignTest.FetchDataFromPropertiesMoreCampaign" time="17.686" errors="0" timestamp="2022-05-18T15:52:13 IST" skipped="0">
  <testcase classname="com.vtiger.campaignTest.FetchDataFromPropertiesMoreCampaign" name="fetchDataFromPropertiesMoreCampaign" time="17.686"/>
  <system-out/>
</testsuite> <!-- com.vtiger.campaignTest.FetchDataFromPropertiesMoreCampaign -->
