<?xml version="1.0" encoding="UTF-8"?>
<!-- Generated by org.testng.reporters.JUnitReportReporter -->
<testsuite hostname="Mypc-PC" failures="0" tests="8" name="com.vtiger.practice.PracticeDataproviderTest" time="0.022" errors="0" timestamp="2022-05-18T09:59:11 IST" skipped="0">
  <testcase classname="com.vtiger.practice.PracticeDataproviderTest" name="practice1Test" time="0.002"/>
  <system-out>
    <![CDATA[username2  ----->  passsword2]]>
  </system-out>
  <testcase classname="com.vtiger.practice.PracticeDataproviderTest" name="practice1Test" time="0.009"/>
  <system-out>
    <![CDATA[username  ----->  passsword]]>
  </system-out>
  <testcase classname="com.vtiger.practice.PracticeDataproviderTest" name="practice1Test" time="0.002"/>
  <system-out>
    <![CDATA[username3  ----->  passsword3]]>
  </system-out>
  <testcase classname="com.vtiger.practice.PracticeDataproviderTest" name="practice1Test" time="0.002"/>
  <system-out>
    <![CDATA[username1  ----->  passsword1]]>
  </system-out>
  <testcase classname="com.vtiger.practice.PracticeDataproviderTest" name="practice1Test" time="0.002"/>
  <system-out>
    <![CDATA[username5  ----->  passsword5]]>
  </system-out>
  <testcase classname="com.vtiger.practice.PracticeDataproviderTest" name="practice1Test" time="0.002"/>
  <system-out>
    <![CDATA[username6  ----->  passsword6]]>
  </system-out>
  <testcase classname="com.vtiger.practice.PracticeDataproviderTest" name="practice1Test" time="0.001"/>
  <system-out>
    <![CDATA[username7  ----->  passsword7]]>
  </system-out>
  <testcase classname="com.vtiger.practice.PracticeDataproviderTest" name="practice1Test" time="0.002"/>
  <system-out>
    <![CDATA[username4  ----->  passsword4]]>
  </system-out>
</testsuite> <!-- com.vtiger.practice.PracticeDataproviderTest -->
