<?xml version="1.0" encoding="UTF-8"?>
<!-- Generated by org.testng.reporters.JUnitReportReporter -->
<testsuite hostname="Mypc-PC" failures="0" tests="2" name="com.vtiger.documentTest.CreateDocumentTest" time="36.027" errors="0" timestamp="2022-05-20T15:16:05 IST" skipped="0">
  <testcase classname="com.vtiger.documentTest.CreateDocumentTest" name="createDocumentTest" time="14.970"/>
  <system-out/>
  <testcase classname="com.vtiger.documentTest.CreateDocumentTest" name="createDocumentTest" time="21.057"/>
  <system-out/>
</testsuite> <!-- com.vtiger.documentTest.CreateDocumentTest -->
