<?xml version="1.0" encoding="UTF-8"?>
<!-- Generated by org.testng.reporters.JUnitReportReporter -->
<testsuite hostname="Mypc-PC" failures="0" tests="1" name="com.vtiger.contactTest.CreateContactWithorgFromExcel" time="18.679" errors="0" timestamp="2022-05-18T15:03:46 IST" skipped="0">
  <testcase classname="com.vtiger.contactTest.CreateContactWithorgFromExcel" name="createContactWithorgFromExcel" time="18.679"/>
  <system-out/>
</testsuite> <!-- com.vtiger.contactTest.CreateContactWithorgFromExcel -->
