<?xml version="1.0" encoding="UTF-8"?>
<!-- Generated by org.testng.reporters.JUnitReportReporter -->
<testsuite hostname="Mypc-PC" failures="0" tests="2" name="com.vtiger.contactTest.CreateContactWithorgTest" time="57.842" errors="0" timestamp="2022-05-20T15:16:05 IST" skipped="0">
  <testcase classname="com.vtiger.contactTest.CreateContactWithorgTest" name="createContactWithorgTest" time="34.457"/>
  <system-out/>
  <testcase classname="com.vtiger.contactTest.CreateContactWithorgTest" name="createContactWithorgTest" time="23.385"/>
  <system-out/>
</testsuite> <!-- com.vtiger.contactTest.CreateContactWithorgTest -->
