<?xml version="1.0" encoding="UTF-8"?>
<!-- Generated by org.testng.reporters.JUnitReportReporter -->
<testsuite skipped="0" hostname="Mypc-PC" name="com.vtiger.campaignTest.CreateCampaignwithProductTest" tests="1" failures="0" timestamp="27 May 2022 04:43:40 GMT" time="16.702" errors="0">
  <testcase name="fetchDataFromPropertiesMoreCampaign" time="16.702" classname="com.vtiger.campaignTest.CreateCampaignwithProductTest"/>
</testsuite> <!-- com.vtiger.campaignTest.CreateCampaignwithProductTest -->
