<?xml version="1.0" encoding="UTF-8"?>
<!-- Generated by org.testng.reporters.JUnitReportReporter -->
<testsuite skipped="0" hostname="Mypc-PC" name="com.vtiger.campaignTest.CreateCampaignTest" tests="1" failures="0" timestamp="27 May 2022 04:43:40 GMT" time="10.067" errors="0">
  <testcase name="createCampaignTest" time="10.067" classname="com.vtiger.campaignTest.CreateCampaignTest"/>
</testsuite> <!-- com.vtiger.campaignTest.CreateCampaignTest -->
